#
# There is insufficient memory for the Java Runtime Environment to continue.
# Native memory allocation (malloc) failed to allocate 1048576 bytes for AllocateHeap
# Possible reasons:
#   The system is out of physical RAM or swap space
#   The process is running with CompressedOops enabled, and the Java Heap may be blocking the growth of the native heap
# Possible solutions:
#   Reduce memory load on the system
#   Increase physical memory or swap space
#   Check if swap backing store is full
#   Decrease Java heap size (-Xmx/-Xms)
#   Decrease number of Java threads
#   Decrease Java thread stack sizes (-Xss)
#   Set larger code cache with -XX:ReservedCodeCacheSize=
#   JVM is running with Unscaled Compressed Oops mode in which the Java heap is
#     placed in the first 4GB address space. The Java Heap base address is the
#     maximum limit for the native heap growth. Please use -XX:HeapBaseMinAddress
#     to set the Java Heap base and to place the Java Heap above 4GB virtual address.
# This output file may be truncated or incomplete.
#
#  Out of Memory Error (memory/allocation.inline.hpp:61), pid=4792, tid=0x00000000000043d4
#
# JRE version:  (8.0_211-b12) (build )
# Java VM: Java HotSpot(TM) 64-Bit Server VM (25.211-b12 mixed mode windows-amd64 compressed oops)
# Failed to write core dump. Minidumps are not enabled by default on client versions of Windows
#

---------------  T H R E A D  ---------------

Current thread (0x0000000002df2800):  JavaThread "Unknown thread" [_thread_in_vm, id=17364, stack(0x0000000002a70000,0x0000000002b70000)]

Stack: [0x0000000002a70000,0x0000000002b70000]
[error occurred during error reporting (printing stack bounds), id 0xc0000005]

Native frames: (J=compiled Java code, j=interpreted, Vv=VM code, C=native code)


---------------  P R O C E S S  ---------------

Java Threads: ( => current thread )

Other Threads:

=>0x0000000002df2800 (exited) JavaThread "Unknown thread" [_thread_in_vm, id=17364, stack(0x0000000002a70000,0x0000000002b70000)]

VM state:not at safepoint (normal execution)

VM Mutex/Monitor currently owned by a thread: None

heap address: 0x0000000081600000, size: 2026 MB, Compressed Oops mode: 32-bit
Narrow klass base: 0x0000000000000000, Narrow klass shift: 3
Compressed class space size: 1073741824 Address: 0x0000000100000000

Heap:
 PSYoungGen      total 38400K, used 665K [0x00000000d5d00000, 0x00000000d8780000, 0x0000000100000000)
  eden space 33280K, 2% used [0x00000000d5d00000,0x00000000d5da6670,0x00000000d7d80000)
  from space 5120K, 0% used [0x00000000d8280000,0x00000000d8280000,0x00000000d8780000)
  to   space 5120K, 0% used [0x00000000d7d80000,0x00000000d7d80000,0x00000000d8280000)
 ParOldGen       total 87552K, used 0K [0x0000000081600000, 0x0000000086b80000, 0x00000000d5d00000)
  object space 87552K, 0% used [0x0000000081600000,0x0000000081600000,0x0000000086b80000)
 Metaspace       used 775K, capacity 4480K, committed 4480K, reserved 1056768K
  class space    used 76K, capacity 384K, committed 384K, reserved 1048576K

Card table byte_map: [0x00000000122b0000,0x00000000126b0000] byte_map_base: 0x0000000011ea5000

Marking Bits: (ParMarkBitMap*) 0x000000006a345ce0
 Begin Bits: [0x0000000013160000, 0x0000000015108000)
 End Bits:   [0x0000000015108000, 0x00000000170b0000)

Polling page: 0x0000000001260000

CodeCache: size=245760Kb used=328Kb max_used=328Kb free=245431Kb
 bounds [0x0000000002ef0000, 0x0000000003160000, 0x0000000011ef0000]
 total_blobs=58 nmethods=0 adapters=38
 compilation: enabled

Compilation events (0 events):
No events

GC Heap History (0 events):
No events

Deoptimization events (0 events):
No events

Classes redefined (0 events):
No events

Internal exceptions (0 events):
No events

Events (10 events):
Event: 0.019 loading class java/lang/Short
Event: 0.019 loading class java/lang/Short done
Event: 0.019 loading class java/lang/Integer
Event: 0.019 loading class java/lang/Integer done
Event: 0.019 loading class java/lang/Long
Event: 0.019 loading class java/lang/Long done
Event: 0.020 loading class java/lang/NullPointerException
Event: 0.020 loading class java/lang/NullPointerException done
Event: 0.020 loading class java/lang/ArithmeticException
Event: 0.020 loading class java/lang/ArithmeticException done


Dynamic libraries:
0x00007ff6589a0000 - 0x00007ff6589d7000 	C:\Program Files\Java\jdk1.8.0_211\bin\java.exe
0x00007ff9a2760000 - 0x00007ff9a2921000 	C:\Windows\SYSTEM32\ntdll.dll
0x00007ff9a0800000 - 0x00007ff9a08ad000 	C:\Windows\system32\KERNEL32.DLL
0x00007ff99f730000 - 0x00007ff99f918000 	C:\Windows\system32\KERNELBASE.dll
0x00007ff99fb60000 - 0x00007ff99fc07000 	C:\Windows\system32\ADVAPI32.dll
0x00007ff9a0dc0000 - 0x00007ff9a0e5d000 	C:\Windows\system32\msvcrt.dll
0x00007ff9a0790000 - 0x00007ff9a07eb000 	C:\Windows\system32\sechost.dll
0x00007ff9a0ca0000 - 0x00007ff9a0dbd000 	C:\Windows\system32\RPCRT4.dll
0x00007ff9a0a30000 - 0x00007ff9a0b86000 	C:\Windows\system32\USER32.dll
0x00007ff9a25d0000 - 0x00007ff9a2757000 	C:\Windows\system32\GDI32.dll
0x00007ff98dae0000 - 0x00007ff98dd54000 	C:\Windows\WinSxS\amd64_microsoft.windows.common-controls_6595b64144ccf1df_6.0.10586.839_none_a2ddba30a539a2ae\COMCTL32.dll
0x00007ff9a0260000 - 0x00007ff9a04de000 	C:\Windows\system32\combase.dll
0x00007ff99f920000 - 0x00007ff99f98a000 	C:\Windows\system32\bcryptPrimitives.dll
0x00007ff9a0750000 - 0x00007ff9a078b000 	C:\Windows\system32\IMM32.DLL
0x000000006b630000 - 0x000000006b702000 	C:\Program Files\Java\jdk1.8.0_211\jre\bin\msvcr100.dll
0x0000000069b20000 - 0x000000006a3c5000 	C:\Program Files\Java\jdk1.8.0_211\jre\bin\server\jvm.dll
0x00007ff99fd60000 - 0x00007ff99fd68000 	C:\Windows\system32\PSAPI.DLL
0x00007ff995090000 - 0x00007ff995099000 	C:\Windows\SYSTEM32\WSOCK32.dll
0x00007ff99d5b0000 - 0x00007ff99d5d3000 	C:\Windows\SYSTEM32\WINMM.dll
0x00007ff994670000 - 0x00007ff99467a000 	C:\Windows\SYSTEM32\VERSION.dll
0x00007ff9a2490000 - 0x00007ff9a24fb000 	C:\Windows\system32\WS2_32.dll
0x00007ff99d550000 - 0x00007ff99d57c000 	C:\Windows\SYSTEM32\WINMMBASE.dll
0x00007ff99eec0000 - 0x00007ff99ef03000 	C:\Windows\system32\cfgmgr32.dll
0x00007ff99bdc0000 - 0x00007ff99bdcf000 	C:\Program Files\Java\jdk1.8.0_211\jre\bin\verify.dll
0x00007ff98fce0000 - 0x00007ff98fd09000 	C:\Program Files\Java\jdk1.8.0_211\jre\bin\java.dll
0x00007ff98fc50000 - 0x00007ff98fc73000 	C:\Program Files\Java\jdk1.8.0_211\jre\bin\instrument.dll
0x00007ff9905b0000 - 0x00007ff9905c6000 	C:\Program Files\Java\jdk1.8.0_211\jre\bin\zip.dll

VM Arguments:
jvm_args: -javaagent:C:\Program Files\JetBrains\IntelliJ IDEA Community Edition 2019.1.3\lib\idea_rt.jar=59179:C:\Program Files\JetBrains\IntelliJ IDEA Community Edition 2019.1.3\bin -Dfile.encoding=UTF-8 
java_command: tibbo.Main
java_class_path (initial): C:\Program Files\Java\jdk1.8.0_211\jre\lib\charsets.jar;C:\Program Files\Java\jdk1.8.0_211\jre\lib\deploy.jar;C:\Program Files\Java\jdk1.8.0_211\jre\lib\ext\access-bridge-64.jar;C:\Program Files\Java\jdk1.8.0_211\jre\lib\ext\cldrdata.jar;C:\Program Files\Java\jdk1.8.0_211\jre\lib\ext\dnsns.jar;C:\Program Files\Java\jdk1.8.0_211\jre\lib\ext\jaccess.jar;C:\Program Files\Java\jdk1.8.0_211\jre\lib\ext\jfxrt.jar;C:\Program Files\Java\jdk1.8.0_211\jre\lib\ext\localedata.jar;C:\Program Files\Java\jdk1.8.0_211\jre\lib\ext\nashorn.jar;C:\Program Files\Java\jdk1.8.0_211\jre\lib\ext\sunec.jar;C:\Program Files\Java\jdk1.8.0_211\jre\lib\ext\sunjce_provider.jar;C:\Program Files\Java\jdk1.8.0_211\jre\lib\ext\sunmscapi.jar;C:\Program Files\Java\jdk1.8.0_211\jre\lib\ext\sunpkcs11.jar;C:\Program Files\Java\jdk1.8.0_211\jre\lib\ext\zipfs.jar;C:\Program Files\Java\jdk1.8.0_211\jre\lib\javaws.jar;C:\Program Files\Java\jdk1.8.0_211\jre\lib\jce.jar;C:\Program Files\Java\jdk1.8.0_211\jre\lib\jfr.jar;C:\Program Files\Java\jdk1.8.0_211\jre\lib\jfxswt.jar;C:\Program Files\Java\jdk1.8.0_211\jre\lib\jsse.jar;C:\Program Files\Java\jdk1.8.0_211\jre\lib\management-agent.jar;C:\Program Files\Java\jdk1.8.0_211\jre\lib\plugin.jar;C:\Program Files\Java\jdk1.8.0_211\jre\lib\resources.jar;C:\Program Files\Java\jdk1.8.0_211\jre\lib\rt.jar;C:\fProject\tibbo_lecture\tibbo-first-project\build\classes\main;C:\Program Files\JetBrains\IntelliJ IDEA Community Edition 2019.1.3\lib\idea_rt.jar
Launcher Type: SUN_STANDARD

Environment Variables:
PATH=C:\Program Files (x86)\Common Files\Oracle\Java\javapath;C:\Windows\system32;C:\Windows;C:\Windows\System32\Wbem;C:\Windows\System32\WindowsPowerShell\v1.0\;C:\Program Files\Git\cmd;C:\Users\admin\AppData\Local\GitHubDesktop\bin
USERNAME=admin
OS=Windows_NT
PROCESSOR_IDENTIFIER=Intel64 Family 6 Model 142 Stepping 10, GenuineIntel



---------------  S Y S T E M  ---------------

OS: Windows 10.0 , 64 bit Build 10586 (10.0.10586.589)

CPU:total 8 (initial active 8) (4 cores per cpu, 2 threads per core) family 6 model 142 stepping 10, cmov, cx8, fxsr, mmx, sse, sse2, sse3, ssse3, sse4.1, sse4.2, popcnt, avx, avx2, aes, clmul, erms, 3dnowpref, lzcnt, ht, tsc, tscinvbit, bmi1, bmi2, adx

Memory: 4k page, physical 8295564k(2968540k free), swap 10358952k(5724k free)

vm_info: Java HotSpot(TM) 64-Bit Server VM (25.211-b12) for windows-amd64 JRE (1.8.0_211-b12), built on Apr  1 2019 20:53:26 by "java_re" with MS VC++ 10.0 (VS2010)

time: Wed Jul 10 11:30:42 2019
timezone: RTZ 2 (зима)
elapsed time: 0 seconds (0d 0h 0m 0s)

